Start time: 2026-04-28 18:43:51
Loading images...LOADED!

-------

ORB-SLAM3 Copyright (C) 2017-2020 Carlos Campos, Richard Elvira, Juan J. Gómez, José M.M. Montiel and Juan D. Tardós, University of Zaragoza.
ORB-SLAM2 Copyright (C) 2014-2016 Raúl Mur-Artal, José M.M. Montiel and Juan D. Tardós, University of Zaragoza.
This program comes with ABSOLUTELY NO WARRANTY;
This is free software, and you are welcome to redistribute it
under certain conditions. See LICENSE.txt.

Input sensor was set to: Stereo
Loading settings from /home/tom/workspace/Thesis/datasets/all_days/settings.yaml
	-Loaded camera 1
	-Loaded camera 2
	-Loaded image info
	-Loaded ORB settings
	-Loaded viewer settings
	-Loaded Atlas settings
	-Loaded misc parameters
	-Computed rectification maps
----------------------------------
SLAM settings: 
	-Camera 1 parameters (Pinhole): [ 443.88687133789062 443.88687133789062 343.39697265625 203.32742309570312 ]
	-Camera 1 distortion parameters: [  0 0 0 0 ]
	-Camera 2 parameters (Pinhole: [ 443.88687133789062 443.88687133789062 343.39697265625 203.32742309570312 ]
	-Camera 1 distortion parameters: [  0 0 0 0 ]
	-Original image size: [ 640 , 400 ]
	-Current image size: [ 640 , 400 ]
	-Camera 1 parameters after rectification: [  443.88687133789062 443.88687133789062 343.39697265625 203.32742309570312 ]
	-Sequence FPS: 20
	-Stereo baseline: 0.075278922915458679
	-Stereo depth threshold : 60
	-Features per image: 600
	-ORB scale factor: 1.2000000476837158
	-ORB number of scales: 8
	-Initial FAST threshold: 20
	-Min FAST threshold: 7


Loading ORB Vocabulary. This could take a while...
Vocabulary loaded!

Initialization of Atlas from scratch 
Creation of new map with id: 0
Creation of new map with last KF id: 0
Seq. Name: 
There are 1 cameras in the atlas
Camera 0 is pinhole
First KF:0; Map init KF:0
New Map created with 275 points
*Loop detected
Local Mapping STOP
Local Mapping RELEASE
Local Mapping STOP
Local Mapping RELEASE
Fail to track local map!
Fail to track local map!
Fail to track local map!
Fail to track local map!
Fail to track local map!
Relocalized!!
*Loop detected
Local Mapping STOP
Local Mapping RELEASE
Local Mapping STOP
Local Mapping RELEASE
*Loop detected
Local Mapping STOP
Local Mapping RELEASE
Local Mapping STOP
Local Mapping RELEASE
*Loop detected
Local Mapping STOP
Local Mapping RELEASE
Local Mapping STOP
Local Mapping RELEASE
*Loop detected
Local Mapping STOP
Local Mapping RELEASE
Local Mapping STOP
Local Mapping RELEASE
Split point reached at timestamp 192925275000
Local Mapping STOP
Updating VBEE with 1391452 observations.
Local Mapping RELEASE
*Loop detected
Local Mapping STOP
Local Mapping RELEASE
Local Mapping STOP
Local Mapping RELEASE
*Loop detected
Local Mapping STOP
Local Mapping RELEASE
Local Mapping STOP
Local Mapping RELEASE
*Loop detected
Local Mapping STOP
Local Mapping RELEASE
Local Mapping STOP
Local Mapping RELEASE
*Loop detected
Local Mapping STOP
Local Mapping RELEASE
Local Mapping STOP
Local Mapping RELEASE
*Loop detected
Local Mapping STOP
Local Mapping RELEASE
Local Mapping STOP
Local Mapping RELEASE
*Loop detected
Local Mapping STOP
Local Mapping RELEASE
Local Mapping STOP
Local Mapping RELEASE
*Loop detected
Local Mapping STOP
Local Mapping RELEASE
Local Mapping STOP
Local Mapping RELEASE
*Loop detected
Local Mapping STOP
Local Mapping RELEASE
Local Mapping STOP
Local Mapping RELEASE
*Loop detected
Local Mapping STOP
Local Mapping RELEASE
Local Mapping STOP
Local Mapping RELEASE
Split point reached at timestamp 370475229001
Local Mapping STOP
Updating VBEE with 1879405 observations.
Local Mapping RELEASE
*Loop detected
Local Mapping STOP
Local Mapping RELEASE
Local Mapping STOP
Local Mapping RELEASE
*Loop detected
Local Mapping STOP
Local Mapping RELEASE
Local Mapping STOP
Local Mapping RELEASE
*Loop detected
Local Mapping STOP
Local Mapping RELEASE
TRACK_REF_KF: Less than 15 matches!!
Fail to track local map!
Fail to track local map!
Fail to track local map!
Fail to track local map!
Fail to track local map!
Fail to track local map!
Fail to track local map!
Fail to track local map!
Fail to track local map!
Fail to track local map!
Fail to track local map!
Fail to track local map!
Fail to track local map!
Fail to track local map!
Fail to track local map!
Fail to track local map!
Fail to track local map!
Fail to track local map!
Fail to track local map!
Fail to track local map!
Fail to track local map!
Fail to track local map!
Fail to track local map!
Fail to track local map!
Fail to track local map!
Fail to track local map!
Fail to track local map!
Fail to track local map!
Fail to track local map!
Fail to track local map!
Fail to track local map!
Fail to track local map!
Fail to track local map!
Fail to track local map!
Fail to track local map!
Fail to track local map!
Fail to track local map!
Fail to track local map!
Fail to track local map!
Fail to track local map!
Fail to track local map!
Fail to track local map!
Fail to track local map!
Fail to track local map!
Fail to track local map!
Fail to track local map!
Fail to track local map!
Fail to track local map!
Fail to track local map!
Fail to track local map!
Fail to track local map!
Fail to track local map!
Fail to track local map!
Fail to track local map!
Fail to track local map!
Fail to track local map!
Fail to track local map!
Fail to track local map!
Fail to track local map!
Fail to track local map!
Fail to track local map!
Fail to track local map!
Creation of new map with id: 1
Stored map with ID: 0
Creation of new map with last KF id: 1134
First KF:1134; Map init KF:1134
New Map created with 319 points
Local Mapping STOP
Local Mapping RELEASE
*Merge detected
Local Mapping STOP
Change to map with id: 0
Local Mapping RELEASE
Local Mapping RELEASE
Merge finished!
*Loop detected
Local Mapping STOP
Local Mapping RELEASE
Local Mapping STOP
Local Mapping RELEASE
Split point reached at timestamp 552225182002
Local Mapping STOP
Updating VBEE with 2551539 observations.
Local Mapping RELEASE
*Loop detected
Local Mapping STOP
Local Mapping RELEASE
Local Mapping STOP
Local Mapping RELEASE
*Loop detected
Local Mapping STOP
Local Mapping RELEASE
Local Mapping STOP
Local Mapping RELEASE
*Loop detected
Local Mapping STOP
Local Mapping RELEASE
Local Mapping STOP
Local Mapping RELEASE
*Loop detected
Local Mapping STOP
Local Mapping RELEASE
Local Mapping STOP
Local Mapping RELEASE
*Loop detected
Local Mapping STOP
Split point reached at timestamp 731625136002
Local Mapping RELEASE
Local Mapping STOP
Local Mapping RELEASE
Updating VBEE with 2735732 observations.
Local Mapping RELEASE
*Loop detected
Local Mapping STOP
Local Mapping RELEASE
*Loop detected
Stoping Global Bundle Adjustment...  Done!!
Local Mapping STOP
Local Mapping RELEASE
*Loop detected
Stoping Global Bundle Adjustment...  Done!!
Local Mapping STOP
Local Mapping RELEASE
Local Mapping STOP
Local Mapping RELEASE
Local Mapping STOP
Local Mapping RELEASE
Local Mapping STOP
Local Mapping RELEASE
*Loop detected
Local Mapping STOP
Local Mapping RELEASE
*Loop detected
Stoping Global Bundle Adjustment...  Done!!
Local Mapping STOP
Local Mapping RELEASE
*Loop detected
Stoping Global Bundle Adjustment...  Done!!
Local Mapping STOP
Local Mapping RELEASE
*Loop detected
Stoping Global Bundle Adjustment...  Done!!
Local Mapping STOP
Local Mapping RELEASE
Local Mapping STOP
Local Mapping RELEASE
*Loop detected
Local Mapping STOP
Local Mapping RELEASE
*Loop detected
Stoping Global Bundle Adjustment...  Done!!
Local Mapping STOP
Local Mapping RELEASE
*Loop detected
Stoping Global Bundle Adjustment...  Done!!
Local Mapping STOP
Local Mapping RELEASE
Local Mapping STOP
Local Mapping RELEASE
Local Mapping STOP
Local Mapping RELEASE
Local Mapping STOP
Local Mapping RELEASE
Local Mapping STOP
Local Mapping RELEASE
Local Mapping STOP
Local Mapping RELEASE
Local Mapping STOP
Local Mapping RELEASE
Updating VBEE with 3499410 observations.
Local Mapping RELEASE
Shutdown

Saving trajectory to CameraTrajectory.txt ...
There are 1 maps in the atlas
  Map 1 has 1881 KFs

End of saving trajectory to CameraTrajectory.txt ...

Saving keyframe trajectory to KeyFrameTrajectory.txt ...
